#
# There is insufficient memory for the Java Runtime Environment to continue.
# Native memory allocation (malloc) failed to allocate 1048576 bytes for AllocateHeap
# Possible reasons:
#   The system is out of physical RAM or swap space
#   The process is running with CompressedOops enabled, and the Java Heap may be blocking the growth of the native heap
# Possible solutions:
#   Reduce memory load on the system
#   Increase physical memory or swap space
#   Check if swap backing store is full
#   Decrease Java heap size (-Xmx/-Xms)
#   Decrease number of Java threads
#   Decrease Java thread stack sizes (-Xss)
#   Set larger code cache with -XX:ReservedCodeCacheSize=
#   JVM is running with Unscaled Compressed Oops mode in which the Java heap is
#     placed in the first 4GB address space. The Java Heap base address is the
#     maximum limit for the native heap growth. Please use -XX:HeapBaseMinAddress
#     to set the Java Heap base and to place the Java Heap above 4GB virtual address.
# This output file may be truncated or incomplete.
#
#  Out of Memory Error (allocation.cpp:44), pid=50792, tid=55504
#
# JRE version:  (17.0.10+11) (build )
# Java VM: Java HotSpot(TM) 64-Bit Server VM (17.0.10+11-LTS-240, mixed mode, sharing, tiered, compressed oops, compressed class ptrs, g1 gc, windows-amd64)
# No core dump will be written. Minidumps are not enabled by default on client versions of Windows
#

---------------  S U M M A R Y ------------

Command Line: c:\Users\ADMIN\.vscode\extensions\salesforce.salesforce-vscode-slds-1.4.8\lsp-0.0.13-executable.jar --PORT=62989

Host: Intel(R) Core(TM) i5-1035G1 CPU @ 1.00GHz, 8 cores, 7G,  Windows 10 , 64 bit Build 19041 (10.0.19041.3636)
Time: Fri May 31 23:39:39 2024 India Standard Time elapsed time: 0.133303 seconds (0d 0h 0m 0s)

---------------  T H R E A D  ---------------

Current thread (0x000002de7c544770):  JavaThread "Unknown thread" [_thread_in_vm, id=55504, stack(0x000000ec34900000,0x000000ec34a00000)]

Stack: [0x000000ec34900000,0x000000ec34a00000]
Native frames: (J=compiled Java code, j=interpreted, Vv=VM code, C=native code)
V  [jvm.dll+0x677a5a]
V  [jvm.dll+0x7d8b2d]
V  [jvm.dll+0x7da48e]
V  [jvm.dll+0x7daaf3]
V  [jvm.dll+0x2455ff]
V  [jvm.dll+0xa5173]
V  [jvm.dll+0x2d5bd7]
V  [jvm.dll+0x7aa51c]
V  [jvm.dll+0x367911]
V  [jvm.dll+0x789639]
V  [jvm.dll+0x3eb30f]
V  [jvm.dll+0x3ecd91]
C  [jli.dll+0x5297]
C  [ucrtbase.dll+0x21bb2]
C  [KERNEL32.DLL+0x17344]
C  [ntdll.dll+0x526b1]


---------------  P R O C E S S  ---------------

Threads class SMR info:
_java_thread_list=0x00007fffd6876a18, length=0, elements={
}

Java Threads: ( => current thread )

Other Threads:

=>0x000002de7c544770 (exited) JavaThread "Unknown thread" [_thread_in_vm, id=55504, stack(0x000000ec34900000,0x000000ec34a00000)]

Threads with active compile tasks:

VM state: not at safepoint (not fully initialized)

VM Mutex/Monitor currently owned by a thread: None

Heap address: 0x0000000000000000, size: 0 MB, Compressed Oops mode: 32-bit

CDS archive(s) mapped at: [0x0000000000000000-0x0000000000000000-0x0000000000000000), size 0, SharedBaseAddress: 0x0000000800000000, ArchiveRelocationMode: 1.
Narrow klass base: 0x0000000000000000, Narrow klass shift: 0, Narrow klass range: 0x0

GC Precious Log:
<Empty>

GC Heap History (0 events):
No events

Deoptimization events (0 events):
No events

Classes unloaded (0 events):
No events

Classes redefined (0 events):
No events

Internal exceptions (0 events):
No events

VM Operations (0 events):
No events

Events (1 events):
Event: 0.084 Loaded shared library C:\Program Files\Java\jdk-17\bin\java.dll


Dynamic libraries:
0x00007ff6a9530000 - 0x00007ff6a9540000 	C:\Program Files\Java\jdk-17\bin\java.exe
0x00007ff815990000 - 0x00007ff815b88000 	C:\Windows\SYSTEM32\ntdll.dll
0x00007ff8149d0000 - 0x00007ff814a8d000 	C:\Windows\System32\KERNEL32.DLL
0x00007ff813520000 - 0x00007ff813816000 	C:\Windows\System32\KERNELBASE.dll
0x00007ff8132c0000 - 0x00007ff8133c0000 	C:\Windows\System32\ucrtbase.dll
0x00007ff80b3c0000 - 0x00007ff80b3db000 	C:\Program Files\Java\jdk-17\bin\VCRUNTIME140.dll
0x00007ff800580000 - 0x00007ff800599000 	C:\Program Files\Java\jdk-17\bin\jli.dll
0x00007ff815580000 - 0x00007ff815630000 	C:\Windows\System32\ADVAPI32.dll
0x00007ff815630000 - 0x00007ff8156ce000 	C:\Windows\System32\msvcrt.dll
0x00007ff813cb0000 - 0x00007ff813d50000 	C:\Windows\System32\sechost.dll
0x00007ff815450000 - 0x00007ff815573000 	C:\Windows\System32\RPCRT4.dll
0x00007ff813870000 - 0x00007ff813897000 	C:\Windows\System32\bcrypt.dll
0x00007ff815730000 - 0x00007ff8158cf000 	C:\Windows\System32\USER32.dll
0x00007ff8130e0000 - 0x00007ff813102000 	C:\Windows\System32\win32u.dll
0x00007ff813d50000 - 0x00007ff813d7b000 	C:\Windows\System32\GDI32.dll
0x00007ff813110000 - 0x00007ff813227000 	C:\Windows\System32\gdi32full.dll
0x00007ff801830000 - 0x00007ff801aca000 	C:\Windows\WinSxS\amd64_microsoft.windows.common-controls_6595b64144ccf1df_6.0.19041.4355_none_60b8b9eb71f62e16\COMCTL32.dll
0x00007ff813040000 - 0x00007ff8130dd000 	C:\Windows\System32\msvcp_win.dll
0x00007ff80c3e0000 - 0x00007ff80c3ea000 	C:\Windows\SYSTEM32\VERSION.dll
0x00007ff814f10000 - 0x00007ff814f42000 	C:\Windows\System32\IMM32.DLL
0x00007ff80d350000 - 0x00007ff80d35c000 	C:\Program Files\Java\jdk-17\bin\vcruntime140_1.dll
0x00007fffe62f0000 - 0x00007fffe637e000 	C:\Program Files\Java\jdk-17\bin\msvcp140.dll
0x00007fffd5dc0000 - 0x00007fffd699f000 	C:\Program Files\Java\jdk-17\bin\server\jvm.dll
0x00007ff8158d0000 - 0x00007ff8158d8000 	C:\Windows\System32\PSAPI.DLL
0x00007ff80b3a0000 - 0x00007ff80b3a9000 	C:\Windows\SYSTEM32\WSOCK32.dll
0x00007ff8140e0000 - 0x00007ff81414b000 	C:\Windows\System32\WS2_32.dll
0x00007ffff8ea0000 - 0x00007ffff8ec7000 	C:\Windows\SYSTEM32\WINMM.dll
0x00007ff811850000 - 0x00007ff811862000 	C:\Windows\SYSTEM32\kernel.appcore.dll
0x00007ff8028e0000 - 0x00007ff8028ea000 	C:\Program Files\Java\jdk-17\bin\jimage.dll
0x00007ff811540000 - 0x00007ff811724000 	C:\Windows\SYSTEM32\DBGHELP.DLL
0x00007ffffe5d0000 - 0x00007ffffe604000 	C:\Windows\SYSTEM32\dbgcore.DLL
0x00007ff813230000 - 0x00007ff8132b2000 	C:\Windows\System32\bcryptPrimitives.dll
0x00007fffe7ff0000 - 0x00007fffe8015000 	C:\Program Files\Java\jdk-17\bin\java.dll

dbghelp: loaded successfully - version: 4.0.5 - missing functions: none
symbol engine: initialized successfully - sym options: 0x614 - pdb path: .;C:\Program Files\Java\jdk-17\bin;C:\Windows\SYSTEM32;C:\Windows\WinSxS\amd64_microsoft.windows.common-controls_6595b64144ccf1df_6.0.19041.4355_none_60b8b9eb71f62e16;C:\Program Files\Java\jdk-17\bin\server

VM Arguments:
java_command: c:\Users\ADMIN\.vscode\extensions\salesforce.salesforce-vscode-slds-1.4.8\lsp-0.0.13-executable.jar --PORT=62989
java_class_path (initial): c:\Users\ADMIN\.vscode\extensions\salesforce.salesforce-vscode-slds-1.4.8\lsp-0.0.13-executable.jar
Launcher Type: SUN_STANDARD

[Global flags]
     intx CICompilerCount                          = 4                                         {product} {ergonomic}
     uint ConcGCThreads                            = 2                                         {product} {ergonomic}
     uint G1ConcRefinementThreads                  = 8                                         {product} {ergonomic}
   size_t G1HeapRegionSize                         = 1048576                                   {product} {ergonomic}
    uintx GCDrainStackTargetSize                   = 64                                        {product} {ergonomic}
   size_t InitialHeapSize                          = 130023424                                 {product} {ergonomic}
   size_t MarkStackSize                            = 4194304                                   {product} {ergonomic}
   size_t MaxHeapSize                              = 2080374784                                {product} {ergonomic}
   size_t MinHeapDeltaBytes                        = 1048576                                   {product} {ergonomic}
   size_t MinHeapSize                              = 8388608                                   {product} {ergonomic}
    uintx NonNMethodCodeHeapSize                   = 5839372                                {pd product} {ergonomic}
    uintx NonProfiledCodeHeapSize                  = 122909434                              {pd product} {ergonomic}
    uintx ProfiledCodeHeapSize                     = 122909434                              {pd product} {ergonomic}
    uintx ReservedCodeCacheSize                    = 251658240                              {pd product} {ergonomic}
     bool SegmentedCodeCache                       = true                                      {product} {ergonomic}
   size_t SoftMaxHeapSize                          = 2080374784                             {manageable} {ergonomic}
     bool UseCompressedClassPointers               = true                           {product lp64_product} {ergonomic}
     bool UseCompressedOops                        = true                           {product lp64_product} {ergonomic}
     bool UseG1GC                                  = true                                      {product} {ergonomic}
     bool UseLargePagesIndividualAllocation        = false                                  {pd product} {ergonomic}

Logging:
Log output configuration:
 #0: stdout all=warning uptime,level,tags
 #1: stderr all=off uptime,level,tags

Environment Variables:
PATH=C:\Program Files\Common Files\Oracle\Java\javapath;C:\Windows\system32;C:\Windows;C:\Windows\System32\Wbem;C:\Windows\System32\WindowsPowerShell\v1.0\;C:\Windows\System32\OpenSSH\;C:\Program Files\Java\jdk-17\bin;C:\Program Files\Crucial\Crucial Storage Executive;C:\MinGW\bin;C:\Program Files\Git\cmd;C:\Program Files (x86)\GTK2-Runtime\bin;C:\Program Files\nodejs\;C:\Program Files\MySQL\MySQL Server 8.0\bin;C:\Program Files\MongoDB\Server\7.0\bin;C:\Program Files\PuTTY\;C:\Users\ADMIN\.console-ninja\.bin;C:\Program Files\MySQL\MySQL Shell 8.0\bin\;C:\Users\ADMIN\AppData\Local\Microsoft\WindowsApps;C:\Program Files\JetBrains\IntelliJ IDEA Community Edition 2022.2.3\bin;;C:\Program Files\JetBrains\IntelliJ IDEA 2021.3\bin;;C:\Users\ADMIN\AppData\Local\GitHubDesktop\bin;C:\Users\ADMIN\AppData\Roaming\npm;C:\Users\ADMIN\AppData\Local\Programs\mongosh\;C:\Program Files\sf\bin;C:\Program Files\sf\bin;C:\Program Files\sf\client\bin;C:\Users\Microsoft VS Code\bin
USERNAME=ADMIN
OS=Windows_NT
PROCESSOR_IDENTIFIER=Intel64 Family 6 Model 126 Stepping 5, GenuineIntel



---------------  S Y S T E M  ---------------

OS:
 Windows 10 , 64 bit Build 19041 (10.0.19041.3636)
OS uptime: 3 days 11:32 hours

CPU: total 8 (initial active 8) (4 cores per cpu, 2 threads per core) family 6 model 126 stepping 5 microcode 0xa0, cx8, cmov, fxsr, ht, mmx, 3dnowpref, sse, sse2, sse3, ssse3, sse4.1, sse4.2, popcnt, lzcnt, tsc, tscinvbit, avx, avx2, aes, erms, clmul, bmi1, bmi2, adx, avx512f, avx512dq, avx512cd, avx512bw, avx512vl, sha, fma, vzeroupper, avx512_vpopcntdq, avx512_vpclmulqdq, avx512_vaes, avx512_vnni, clflush, clflushopt, avx512_vbmi2, avx512_vbmi

Memory: 4k page, system-wide physical 7934M (114M free)
TotalPageFile size 25596M (AvailPageFile size 1M)
current process WorkingSet (physical memory assigned to process): 9M, peak: 9M
current process commit charge ("private bytes"): 15M, peak: 16M

vm_info: Java HotSpot(TM) 64-Bit Server VM (17.0.10+11-LTS-240) for windows-amd64 JRE (17.0.10+11-LTS-240), built on Dec 19 2023 21:47:25 by "mach5one" with MS VC++ 17.1 (VS2022)

END.
